<?xml version="1.0" encoding="UTF-8"?>
<!-- Generated by org.testng.reporters.JUnitReportReporter -->
<testsuite hostname="DESKTOP-FI8UJG3" failures="0" tests="6" name="com.zerodha.kite.tests.KiteLoginTest" time="6.216" errors="0" timestamp="2022-06-29T08:53:16 IST" skipped="0">
  <testcase classname="com.zerodha.kite.tests.KiteLoginTest" name="verifyKiteLoginPage1" time="2.592"/>
  <system-out>
    <![CDATA[=====Application Started=====]]>
  </system-out>
  <testcase classname="com.zerodha.kite.tests.KiteLoginTest" name="verifyKiteLoginPage2" time="0.573"/>
  <system-out/>
  <testcase classname="com.zerodha.kite.tests.KiteLoginTest" name="homePageValidation" time="2.046"/>
  <system-out/>
  <testcase classname="com.zerodha.kite.tests.KiteLoginTest" name="verifyLogoutFunctionality" time="0.774"/>
  <system-out/>
  <testcase classname="com.zerodha.kite.tests.KiteLoginTest" name="verifyAfterLogoutPage" time="0.202"/>
  <system-out/>
  <testcase classname="com.zerodha.kite.tests.KiteLoginTest" name="verifyLoginPageAfterLogout" time="0.029"/>
  <system-out/>
</testsuite> <!-- com.zerodha.kite.tests.KiteLoginTest -->
