<?xml version="1.0" encoding="UTF-8"?>
<!-- Generated by org.testng.reporters.JUnitReportReporter -->
<testsuite hostname="DESKTOP-FI8UJG3" failures="0" tests="4" name="com.zerodha.kite.tests.KiteLoginPagesValidationWithDD" time="9.979" errors="0" timestamp="2022-06-29T08:53:16 IST" skipped="0">
  <testcase classname="com.zerodha.kite.tests.KiteLoginPagesValidationWithDD" name="verifyKiteLoginPageTitle" time="8.831"/>
  <system-out>
    <![CDATA[=====Application Started=====]]>
  </system-out>
  <testcase classname="com.zerodha.kite.tests.KiteLoginPagesValidationWithDD" name="verifyElementStatus" time="0.172"/>
  <system-out/>
  <testcase classname="com.zerodha.kite.tests.KiteLoginPagesValidationWithDD" name="verifyFieldValidation" time="0.155"/>
  <system-out/>
  <testcase classname="com.zerodha.kite.tests.KiteLoginPagesValidationWithDD" name="verifyInvalidCredentialError" time="0.821"/>
  <system-out/>
</testsuite> <!-- com.zerodha.kite.tests.KiteLoginPagesValidationWithDD -->
