<?xml version="1.0" encoding="UTF-8"?>
<!-- Generated by org.testng.reporters.JUnitReportReporter -->
<testsuite hostname="DESKTOP-FI8UJG3" failures="0" tests="4" name="com.zerodha.kite.tests.KiteLoginPagesValidationWithoutDD" time="7.041" errors="0" timestamp="2022-06-29T20:43:11 IST" skipped="0">
  <testcase classname="com.zerodha.kite.tests.KiteLoginPagesValidationWithoutDD" name="verifyKiteLoginPageTitle" time="5.617"/>
  <system-out>
    <![CDATA[=====Application Started=====]]>
  </system-out>
  <testcase classname="com.zerodha.kite.tests.KiteLoginPagesValidationWithoutDD" name="verifyElementStatus" time="0.179"/>
  <system-out/>
  <testcase classname="com.zerodha.kite.tests.KiteLoginPagesValidationWithoutDD" name="verifyFieldValidation" time="0.194"/>
  <system-out/>
  <testcase classname="com.zerodha.kite.tests.KiteLoginPagesValidationWithoutDD" name="verifyInvalidCredentialError" time="1.051"/>
  <system-out/>
</testsuite> <!-- com.zerodha.kite.tests.KiteLoginPagesValidationWithoutDD -->
