<?xml version="1.0" encoding="UTF-8"?>
<!-- Generated by org.testng.reporters.JUnitReportReporter -->
<testsuite hostname="DESKTOP-FI8UJG3" failures="0" tests="6" name="com.zerodha.kite.tests.KiteLoginTest" time="12.021" errors="0" timestamp="2022-06-29T20:41:01 IST" skipped="0">
  <testcase classname="com.zerodha.kite.tests.KiteLoginTest" name="verifyKiteLoginPage1" time="5.846"/>
  <system-out>
    <![CDATA[=====Application Started=====]]>
  </system-out>
  <testcase classname="com.zerodha.kite.tests.KiteLoginTest" name="verifyKiteLoginPage2" time="0.539"/>
  <system-out/>
  <testcase classname="com.zerodha.kite.tests.KiteLoginTest" name="homePageValidation" time="4.195"/>
  <system-out/>
  <testcase classname="com.zerodha.kite.tests.KiteLoginTest" name="verifyLogoutFunctionality" time="1.093"/>
  <system-out/>
  <testcase classname="com.zerodha.kite.tests.KiteLoginTest" name="verifyAfterLogoutPage" time="0.267"/>
  <system-out/>
  <testcase classname="com.zerodha.kite.tests.KiteLoginTest" name="verifyLoginPageAfterLogout" time="0.081"/>
  <system-out/>
</testsuite> <!-- com.zerodha.kite.tests.KiteLoginTest -->
