<?xml version="1.0" encoding="UTF-8"?>
<!-- Generated by org.testng.reporters.JUnitReportReporter -->
<testsuite hostname="DESKTOP-FI8UJG3" failures="0" tests="4" name="com.zerodha.kite.tests.KiteLoginPagesValidation" time="4.437" errors="0" timestamp="2022-06-28T09:40:15 IST" skipped="0">
  <testcase classname="com.zerodha.kite.tests.KiteLoginPagesValidation" name="verifyKiteLoginPageTitle" time="3.172"/>
  <system-out>
    <![CDATA[=====Application Started=====]]>
  </system-out>
  <testcase classname="com.zerodha.kite.tests.KiteLoginPagesValidation" name="verifyElementStatus" time="0.233"/>
  <system-out/>
  <testcase classname="com.zerodha.kite.tests.KiteLoginPagesValidation" name="verifyFieldValidation" time="0.199"/>
  <system-out/>
  <testcase classname="com.zerodha.kite.tests.KiteLoginPagesValidation" name="verifyInvalidCredentialError" time="0.833"/>
  <system-out/>
</testsuite> <!-- com.zerodha.kite.tests.KiteLoginPagesValidation -->
