<?xml version="1.0" encoding="UTF-8"?>
<!-- Generated by org.testng.reporters.JUnitReportReporter -->
<testsuite skipped="0" hostname="DESKTOP-FI8UJG3" name="com.zerodha.kite.tests.KiteLoginTest" tests="6" failures="0" timestamp="2022-06-29T20:18:24 IST" time="8.318" errors="0">
  <testcase name="verifyKiteLoginPage1" time="2.875" classname="com.zerodha.kite.tests.KiteLoginTest"/>
  <system-out>
    <![CDATA[=====Application Started=====]]>
  </system-out>
  <testcase name="verifyKiteLoginPage2" time="0.653" classname="com.zerodha.kite.tests.KiteLoginTest"/>
  <system-out/>
  <testcase name="homePageValidation" time="3.267" classname="com.zerodha.kite.tests.KiteLoginTest"/>
  <system-out/>
  <testcase name="verifyLogoutFunctionality" time="1.119" classname="com.zerodha.kite.tests.KiteLoginTest"/>
  <system-out/>
  <testcase name="verifyAfterLogoutPage" time="0.323" classname="com.zerodha.kite.tests.KiteLoginTest"/>
  <system-out/>
  <testcase name="verifyLoginPageAfterLogout" time="0.081" classname="com.zerodha.kite.tests.KiteLoginTest"/>
  <system-out/>
</testsuite> <!-- com.zerodha.kite.tests.KiteLoginTest -->
