<?xml version="1.0" encoding="UTF-8"?>
<!-- Generated by org.testng.reporters.JUnitReportReporter -->
<testsuite skipped="0" hostname="DESKTOP-FI8UJG3" name="com.zerodha.kite.tests.KiteLoginPagesValidationWithDD" tests="4" failures="0" timestamp="2022-06-29T20:18:24 IST" time="7.379" errors="0">
  <testcase name="verifyKiteLoginPageTitle" time="5.569" classname="com.zerodha.kite.tests.KiteLoginPagesValidationWithDD"/>
  <system-out>
    <![CDATA[=====Application Started=====]]>
  </system-out>
  <testcase name="verifyElementStatus" time="0.243" classname="com.zerodha.kite.tests.KiteLoginPagesValidationWithDD"/>
  <system-out/>
  <testcase name="verifyFieldValidation" time="0.203" classname="com.zerodha.kite.tests.KiteLoginPagesValidationWithDD"/>
  <system-out/>
  <testcase name="verifyInvalidCredentialError" time="1.364" classname="com.zerodha.kite.tests.KiteLoginPagesValidationWithDD"/>
  <system-out/>
</testsuite> <!-- com.zerodha.kite.tests.KiteLoginPagesValidationWithDD -->
